2020-07-01 00:10:23.523 [main] INFO  com.ebay.url.processor.service.UrlProcessorService - Finished Processing. Total Urls processed: 0 Unuccessful Urls: 0  Successful: 0
2020-07-01 00:10:23.540 [main] ERROR com.ebay.url.processor.service.UrlProcessorService - Error 
java.lang.RuntimeException: Test!
	at com.ebay.url.processor.service.UrlProcessorService.processFilesFromDirectory(UrlProcessorService.java:96) ~[classes/:?]
	at com.ebay.url.processor.service.UrlProcessorServiceTest.processFilesFromDirectoryExceptionTest(UrlProcessorServiceTest.java:69) ~[test-classes/:?]
	at sun.reflect.NativeMethodAccessorImpl.invoke0(Native Method) ~[?:1.8.0_251]
	at sun.reflect.NativeMethodAccessorImpl.invoke(Unknown Source) ~[?:1.8.0_251]
	at sun.reflect.DelegatingMethodAccessorImpl.invoke(Unknown Source) ~[?:1.8.0_251]
	at java.lang.reflect.Method.invoke(Unknown Source) ~[?:1.8.0_251]
	at org.junit.platform.commons.util.ReflectionUtils.invokeMethod(ReflectionUtils.java:686) ~[org.junit.platform.commons_1.6.0.v20200203-2009.jar:1.6.0]
	at org.junit.jupiter.engine.execution.MethodInvocation.proceed(MethodInvocation.java:60) ~[org.junit.jupiter.engine_5.6.0.v20200203-2009.jar:5.6.0]
	at org.junit.jupiter.engine.execution.InvocationInterceptorChain$ValidatingInvocation.proceed(InvocationInterceptorChain.java:131) ~[org.junit.jupiter.engine_5.6.0.v20200203-2009.jar:5.6.0]
	at org.junit.jupiter.engine.extension.TimeoutExtension.intercept(TimeoutExtension.java:149) ~[org.junit.jupiter.engine_5.6.0.v20200203-2009.jar:5.6.0]
	at org.junit.jupiter.engine.extension.TimeoutExtension.interceptTestableMethod(TimeoutExtension.java:140) ~[org.junit.jupiter.engine_5.6.0.v20200203-2009.jar:5.6.0]
	at org.junit.jupiter.engine.extension.TimeoutExtension.interceptTestMethod(TimeoutExtension.java:84) ~[org.junit.jupiter.engine_5.6.0.v20200203-2009.jar:5.6.0]
	at org.junit.jupiter.engine.execution.ExecutableInvoker$ReflectiveInterceptorCall.lambda$ofVoidMethod$0(ExecutableInvoker.java:115) ~[org.junit.jupiter.engine_5.6.0.v20200203-2009.jar:5.6.0]
	at org.junit.jupiter.engine.execution.ExecutableInvoker.lambda$invoke$0(ExecutableInvoker.java:105) ~[org.junit.jupiter.engine_5.6.0.v20200203-2009.jar:5.6.0]
	at org.junit.jupiter.engine.execution.InvocationInterceptorChain$InterceptedInvocation.proceed(InvocationInterceptorChain.java:106) ~[org.junit.jupiter.engine_5.6.0.v20200203-2009.jar:5.6.0]
	at org.junit.jupiter.engine.execution.InvocationInterceptorChain.proceed(InvocationInterceptorChain.java:64) ~[org.junit.jupiter.engine_5.6.0.v20200203-2009.jar:5.6.0]
	at org.junit.jupiter.engine.execution.InvocationInterceptorChain.chainAndInvoke(InvocationInterceptorChain.java:45) ~[org.junit.jupiter.engine_5.6.0.v20200203-2009.jar:5.6.0]
	at org.junit.jupiter.engine.execution.InvocationInterceptorChain.invoke(InvocationInterceptorChain.java:37) ~[org.junit.jupiter.engine_5.6.0.v20200203-2009.jar:5.6.0]
	at org.junit.jupiter.engine.execution.ExecutableInvoker.invoke(ExecutableInvoker.java:104) ~[org.junit.jupiter.engine_5.6.0.v20200203-2009.jar:5.6.0]
	at org.junit.jupiter.engine.execution.ExecutableInvoker.invoke(ExecutableInvoker.java:98) ~[org.junit.jupiter.engine_5.6.0.v20200203-2009.jar:5.6.0]
	at org.junit.jupiter.engine.descriptor.TestMethodTestDescriptor.lambda$invokeTestMethod$6(TestMethodTestDescriptor.java:205) ~[org.junit.jupiter.engine_5.6.0.v20200203-2009.jar:5.6.0]
	at org.junit.platform.engine.support.hierarchical.ThrowableCollector.execute(ThrowableCollector.java:73) ~[org.junit.platform.engine_1.6.0.v20200203-2009.jar:1.6.0]
	at org.junit.jupiter.engine.descriptor.TestMethodTestDescriptor.invokeTestMethod(TestMethodTestDescriptor.java:201) ~[org.junit.jupiter.engine_5.6.0.v20200203-2009.jar:5.6.0]
	at org.junit.jupiter.engine.descriptor.TestMethodTestDescriptor.execute(TestMethodTestDescriptor.java:137) ~[org.junit.jupiter.engine_5.6.0.v20200203-2009.jar:5.6.0]
	at org.junit.jupiter.engine.descriptor.TestMethodTestDescriptor.execute(TestMethodTestDescriptor.java:71) ~[org.junit.jupiter.engine_5.6.0.v20200203-2009.jar:5.6.0]
	at org.junit.platform.engine.support.hierarchical.NodeTestTask.lambda$executeRecursively$5(NodeTestTask.java:135) ~[org.junit.platform.engine_1.6.0.v20200203-2009.jar:1.6.0]
	at org.junit.platform.engine.support.hierarchical.ThrowableCollector.execute(ThrowableCollector.java:73) ~[org.junit.platform.engine_1.6.0.v20200203-2009.jar:1.6.0]
	at org.junit.platform.engine.support.hierarchical.NodeTestTask.lambda$executeRecursively$7(NodeTestTask.java:125) ~[org.junit.platform.engine_1.6.0.v20200203-2009.jar:1.6.0]
	at org.junit.platform.engine.support.hierarchical.Node.around(Node.java:135) ~[org.junit.platform.engine_1.6.0.v20200203-2009.jar:1.6.0]
	at org.junit.platform.engine.support.hierarchical.NodeTestTask.lambda$executeRecursively$8(NodeTestTask.java:123) ~[org.junit.platform.engine_1.6.0.v20200203-2009.jar:1.6.0]
	at org.junit.platform.engine.support.hierarchical.ThrowableCollector.execute(ThrowableCollector.java:73) ~[org.junit.platform.engine_1.6.0.v20200203-2009.jar:1.6.0]
	at org.junit.platform.engine.support.hierarchical.NodeTestTask.executeRecursively(NodeTestTask.java:122) ~[org.junit.platform.engine_1.6.0.v20200203-2009.jar:1.6.0]
	at org.junit.platform.engine.support.hierarchical.NodeTestTask.execute(NodeTestTask.java:80) ~[org.junit.platform.engine_1.6.0.v20200203-2009.jar:1.6.0]
	at java.util.ArrayList.forEach(Unknown Source) ~[?:1.8.0_251]
	at org.junit.platform.engine.support.hierarchical.SameThreadHierarchicalTestExecutorService.invokeAll(SameThreadHierarchicalTestExecutorService.java:38) ~[org.junit.platform.engine_1.6.0.v20200203-2009.jar:1.6.0]
	at org.junit.platform.engine.support.hierarchical.NodeTestTask.lambda$executeRecursively$5(NodeTestTask.java:139) ~[org.junit.platform.engine_1.6.0.v20200203-2009.jar:1.6.0]
	at org.junit.platform.engine.support.hierarchical.ThrowableCollector.execute(ThrowableCollector.java:73) ~[org.junit.platform.engine_1.6.0.v20200203-2009.jar:1.6.0]
	at org.junit.platform.engine.support.hierarchical.NodeTestTask.lambda$executeRecursively$7(NodeTestTask.java:125) ~[org.junit.platform.engine_1.6.0.v20200203-2009.jar:1.6.0]
	at org.junit.platform.engine.support.hierarchical.Node.around(Node.java:135) ~[org.junit.platform.engine_1.6.0.v20200203-2009.jar:1.6.0]
	at org.junit.platform.engine.support.hierarchical.NodeTestTask.lambda$executeRecursively$8(NodeTestTask.java:123) ~[org.junit.platform.engine_1.6.0.v20200203-2009.jar:1.6.0]
	at org.junit.platform.engine.support.hierarchical.ThrowableCollector.execute(ThrowableCollector.java:73) ~[org.junit.platform.engine_1.6.0.v20200203-2009.jar:1.6.0]
	at org.junit.platform.engine.support.hierarchical.NodeTestTask.executeRecursively(NodeTestTask.java:122) ~[org.junit.platform.engine_1.6.0.v20200203-2009.jar:1.6.0]
	at org.junit.platform.engine.support.hierarchical.NodeTestTask.execute(NodeTestTask.java:80) ~[org.junit.platform.engine_1.6.0.v20200203-2009.jar:1.6.0]
	at java.util.ArrayList.forEach(Unknown Source) ~[?:1.8.0_251]
	at org.junit.platform.engine.support.hierarchical.SameThreadHierarchicalTestExecutorService.invokeAll(SameThreadHierarchicalTestExecutorService.java:38) ~[org.junit.platform.engine_1.6.0.v20200203-2009.jar:1.6.0]
	at org.junit.platform.engine.support.hierarchical.NodeTestTask.lambda$executeRecursively$5(NodeTestTask.java:139) ~[org.junit.platform.engine_1.6.0.v20200203-2009.jar:1.6.0]
	at org.junit.platform.engine.support.hierarchical.ThrowableCollector.execute(ThrowableCollector.java:73) ~[org.junit.platform.engine_1.6.0.v20200203-2009.jar:1.6.0]
	at org.junit.platform.engine.support.hierarchical.NodeTestTask.lambda$executeRecursively$7(NodeTestTask.java:125) ~[org.junit.platform.engine_1.6.0.v20200203-2009.jar:1.6.0]
	at org.junit.platform.engine.support.hierarchical.Node.around(Node.java:135) ~[org.junit.platform.engine_1.6.0.v20200203-2009.jar:1.6.0]
	at org.junit.platform.engine.support.hierarchical.NodeTestTask.lambda$executeRecursively$8(NodeTestTask.java:123) ~[org.junit.platform.engine_1.6.0.v20200203-2009.jar:1.6.0]
	at org.junit.platform.engine.support.hierarchical.ThrowableCollector.execute(ThrowableCollector.java:73) ~[org.junit.platform.engine_1.6.0.v20200203-2009.jar:1.6.0]
	at org.junit.platform.engine.support.hierarchical.NodeTestTask.executeRecursively(NodeTestTask.java:122) ~[org.junit.platform.engine_1.6.0.v20200203-2009.jar:1.6.0]
	at org.junit.platform.engine.support.hierarchical.NodeTestTask.execute(NodeTestTask.java:80) ~[org.junit.platform.engine_1.6.0.v20200203-2009.jar:1.6.0]
	at org.junit.platform.engine.support.hierarchical.SameThreadHierarchicalTestExecutorService.submit(SameThreadHierarchicalTestExecutorService.java:32) ~[org.junit.platform.engine_1.6.0.v20200203-2009.jar:1.6.0]
	at org.junit.platform.engine.support.hierarchical.HierarchicalTestExecutor.execute(HierarchicalTestExecutor.java:57) ~[org.junit.platform.engine_1.6.0.v20200203-2009.jar:1.6.0]
	at org.junit.platform.engine.support.hierarchical.HierarchicalTestEngine.execute(HierarchicalTestEngine.java:51) ~[org.junit.platform.engine_1.6.0.v20200203-2009.jar:1.6.0]
	at org.junit.platform.launcher.core.DefaultLauncher.execute(DefaultLauncher.java:248) ~[org.junit.platform.launcher_1.6.0.v20200203-2009.jar:1.6.0]
	at org.junit.platform.launcher.core.DefaultLauncher.lambda$execute$5(DefaultLauncher.java:211) ~[org.junit.platform.launcher_1.6.0.v20200203-2009.jar:1.6.0]
	at org.junit.platform.launcher.core.DefaultLauncher.withInterceptedStreams(DefaultLauncher.java:226) [org.junit.platform.launcher_1.6.0.v20200203-2009.jar:1.6.0]
	at org.junit.platform.launcher.core.DefaultLauncher.execute(DefaultLauncher.java:199) [org.junit.platform.launcher_1.6.0.v20200203-2009.jar:1.6.0]
	at org.junit.platform.launcher.core.DefaultLauncher.execute(DefaultLauncher.java:141) [org.junit.platform.launcher_1.6.0.v20200203-2009.jar:1.6.0]
	at org.eclipse.jdt.internal.junit5.runner.JUnit5TestReference.run(JUnit5TestReference.java:98) [.cp/:?]
	at org.eclipse.jdt.internal.junit.runner.TestExecution.run(TestExecution.java:41) [.cp/:?]
	at org.eclipse.jdt.internal.junit.runner.RemoteTestRunner.runTests(RemoteTestRunner.java:542) [.cp/:?]
	at org.eclipse.jdt.internal.junit.runner.RemoteTestRunner.runTests(RemoteTestRunner.java:770) [.cp/:?]
	at org.eclipse.jdt.internal.junit.runner.RemoteTestRunner.run(RemoteTestRunner.java:464) [.cp/:?]
	at org.eclipse.jdt.internal.junit.runner.RemoteTestRunner.main(RemoteTestRunner.java:210) [.cp/:?]
2020-07-01 00:10:23.554 [main] INFO  com.ebay.url.processor.service.UrlProcessorService - Finished Processing. Total Urls processed: 0 Unuccessful Urls: 0  Successful: 0
2020-07-01 00:10:23.556 [main] INFO  com.ebay.url.processor.Application - Reading files from directory : inputData
2020-07-01 00:10:23.557 [main] ERROR com.ebay.url.processor.service.file.FileProcessor - Exception in processing files : 
java.nio.file.NoSuchFileException: inputData
	at sun.nio.fs.WindowsException.translateToIOException(Unknown Source) ~[?:1.8.0_251]
	at sun.nio.fs.WindowsException.rethrowAsIOException(Unknown Source) ~[?:1.8.0_251]
	at sun.nio.fs.WindowsException.rethrowAsIOException(Unknown Source) ~[?:1.8.0_251]
	at sun.nio.fs.WindowsFileAttributeViews$Basic.readAttributes(Unknown Source) ~[?:1.8.0_251]
	at sun.nio.fs.WindowsFileAttributeViews$Basic.readAttributes(Unknown Source) ~[?:1.8.0_251]
	at sun.nio.fs.WindowsFileSystemProvider.readAttributes(Unknown Source) ~[?:1.8.0_251]
	at java.nio.file.Files.readAttributes(Unknown Source) ~[?:1.8.0_251]
	at java.nio.file.FileTreeWalker.getAttributes(Unknown Source) ~[?:1.8.0_251]
	at java.nio.file.FileTreeWalker.visit(Unknown Source) ~[?:1.8.0_251]
	at java.nio.file.FileTreeWalker.walk(Unknown Source) ~[?:1.8.0_251]
	at java.nio.file.FileTreeIterator.<init>(Unknown Source) ~[?:1.8.0_251]
	at java.nio.file.Files.walk(Unknown Source) ~[?:1.8.0_251]
	at java.nio.file.Files.walk(Unknown Source) ~[?:1.8.0_251]
	at com.ebay.url.processor.service.file.FileProcessor.getFileMetadata(FileProcessor.java:107) ~[classes/:?]
	at com.ebay.url.processor.service.file.FileProcessor.processFilesFromInputDirectory(FileProcessor.java:51) ~[classes/:?]
	at com.ebay.url.processor.service.UrlProcessorService.processFilesFromDirectory(UrlProcessorService.java:69) ~[classes/:?]
	at com.ebay.url.processor.Application.main(Application.java:42) ~[classes/:?]
	at com.ebay.url.processor.ApplicationTest.mainTestWithSingleArgs(ApplicationTest.java:18) ~[test-classes/:?]
	at sun.reflect.NativeMethodAccessorImpl.invoke0(Native Method) ~[?:1.8.0_251]
	at sun.reflect.NativeMethodAccessorImpl.invoke(Unknown Source) ~[?:1.8.0_251]
	at sun.reflect.DelegatingMethodAccessorImpl.invoke(Unknown Source) ~[?:1.8.0_251]
	at java.lang.reflect.Method.invoke(Unknown Source) ~[?:1.8.0_251]
	at org.junit.platform.commons.util.ReflectionUtils.invokeMethod(ReflectionUtils.java:686) ~[org.junit.platform.commons_1.6.0.v20200203-2009.jar:1.6.0]
	at org.junit.jupiter.engine.execution.MethodInvocation.proceed(MethodInvocation.java:60) ~[org.junit.jupiter.engine_5.6.0.v20200203-2009.jar:5.6.0]
	at org.junit.jupiter.engine.execution.InvocationInterceptorChain$ValidatingInvocation.proceed(InvocationInterceptorChain.java:131) ~[org.junit.jupiter.engine_5.6.0.v20200203-2009.jar:5.6.0]
	at org.junit.jupiter.engine.extension.TimeoutExtension.intercept(TimeoutExtension.java:149) ~[org.junit.jupiter.engine_5.6.0.v20200203-2009.jar:5.6.0]
	at org.junit.jupiter.engine.extension.TimeoutExtension.interceptTestableMethod(TimeoutExtension.java:140) ~[org.junit.jupiter.engine_5.6.0.v20200203-2009.jar:5.6.0]
	at org.junit.jupiter.engine.extension.TimeoutExtension.interceptTestMethod(TimeoutExtension.java:84) ~[org.junit.jupiter.engine_5.6.0.v20200203-2009.jar:5.6.0]
	at org.junit.jupiter.engine.execution.ExecutableInvoker$ReflectiveInterceptorCall.lambda$ofVoidMethod$0(ExecutableInvoker.java:115) ~[org.junit.jupiter.engine_5.6.0.v20200203-2009.jar:5.6.0]
	at org.junit.jupiter.engine.execution.ExecutableInvoker.lambda$invoke$0(ExecutableInvoker.java:105) ~[org.junit.jupiter.engine_5.6.0.v20200203-2009.jar:5.6.0]
	at org.junit.jupiter.engine.execution.InvocationInterceptorChain$InterceptedInvocation.proceed(InvocationInterceptorChain.java:106) ~[org.junit.jupiter.engine_5.6.0.v20200203-2009.jar:5.6.0]
	at org.junit.jupiter.engine.execution.InvocationInterceptorChain.proceed(InvocationInterceptorChain.java:64) ~[org.junit.jupiter.engine_5.6.0.v20200203-2009.jar:5.6.0]
	at org.junit.jupiter.engine.execution.InvocationInterceptorChain.chainAndInvoke(InvocationInterceptorChain.java:45) ~[org.junit.jupiter.engine_5.6.0.v20200203-2009.jar:5.6.0]
	at org.junit.jupiter.engine.execution.InvocationInterceptorChain.invoke(InvocationInterceptorChain.java:37) ~[org.junit.jupiter.engine_5.6.0.v20200203-2009.jar:5.6.0]
	at org.junit.jupiter.engine.execution.ExecutableInvoker.invoke(ExecutableInvoker.java:104) ~[org.junit.jupiter.engine_5.6.0.v20200203-2009.jar:5.6.0]
	at org.junit.jupiter.engine.execution.ExecutableInvoker.invoke(ExecutableInvoker.java:98) ~[org.junit.jupiter.engine_5.6.0.v20200203-2009.jar:5.6.0]
	at org.junit.jupiter.engine.descriptor.TestMethodTestDescriptor.lambda$invokeTestMethod$6(TestMethodTestDescriptor.java:205) ~[org.junit.jupiter.engine_5.6.0.v20200203-2009.jar:5.6.0]
	at org.junit.platform.engine.support.hierarchical.ThrowableCollector.execute(ThrowableCollector.java:73) ~[org.junit.platform.engine_1.6.0.v20200203-2009.jar:1.6.0]
	at org.junit.jupiter.engine.descriptor.TestMethodTestDescriptor.invokeTestMethod(TestMethodTestDescriptor.java:201) ~[org.junit.jupiter.engine_5.6.0.v20200203-2009.jar:5.6.0]
	at org.junit.jupiter.engine.descriptor.TestMethodTestDescriptor.execute(TestMethodTestDescriptor.java:137) ~[org.junit.jupiter.engine_5.6.0.v20200203-2009.jar:5.6.0]
	at org.junit.jupiter.engine.descriptor.TestMethodTestDescriptor.execute(TestMethodTestDescriptor.java:71) ~[org.junit.jupiter.engine_5.6.0.v20200203-2009.jar:5.6.0]
	at org.junit.platform.engine.support.hierarchical.NodeTestTask.lambda$executeRecursively$5(NodeTestTask.java:135) ~[org.junit.platform.engine_1.6.0.v20200203-2009.jar:1.6.0]
	at org.junit.platform.engine.support.hierarchical.ThrowableCollector.execute(ThrowableCollector.java:73) ~[org.junit.platform.engine_1.6.0.v20200203-2009.jar:1.6.0]
	at org.junit.platform.engine.support.hierarchical.NodeTestTask.lambda$executeRecursively$7(NodeTestTask.java:125) ~[org.junit.platform.engine_1.6.0.v20200203-2009.jar:1.6.0]
	at org.junit.platform.engine.support.hierarchical.Node.around(Node.java:135) ~[org.junit.platform.engine_1.6.0.v20200203-2009.jar:1.6.0]
	at org.junit.platform.engine.support.hierarchical.NodeTestTask.lambda$executeRecursively$8(NodeTestTask.java:123) ~[org.junit.platform.engine_1.6.0.v20200203-2009.jar:1.6.0]
	at org.junit.platform.engine.support.hierarchical.ThrowableCollector.execute(ThrowableCollector.java:73) ~[org.junit.platform.engine_1.6.0.v20200203-2009.jar:1.6.0]
	at org.junit.platform.engine.support.hierarchical.NodeTestTask.executeRecursively(NodeTestTask.java:122) ~[org.junit.platform.engine_1.6.0.v20200203-2009.jar:1.6.0]
	at org.junit.platform.engine.support.hierarchical.NodeTestTask.execute(NodeTestTask.java:80) ~[org.junit.platform.engine_1.6.0.v20200203-2009.jar:1.6.0]
	at java.util.ArrayList.forEach(Unknown Source) ~[?:1.8.0_251]
	at org.junit.platform.engine.support.hierarchical.SameThreadHierarchicalTestExecutorService.invokeAll(SameThreadHierarchicalTestExecutorService.java:38) ~[org.junit.platform.engine_1.6.0.v20200203-2009.jar:1.6.0]
	at org.junit.platform.engine.support.hierarchical.NodeTestTask.lambda$executeRecursively$5(NodeTestTask.java:139) ~[org.junit.platform.engine_1.6.0.v20200203-2009.jar:1.6.0]
	at org.junit.platform.engine.support.hierarchical.ThrowableCollector.execute(ThrowableCollector.java:73) ~[org.junit.platform.engine_1.6.0.v20200203-2009.jar:1.6.0]
	at org.junit.platform.engine.support.hierarchical.NodeTestTask.lambda$executeRecursively$7(NodeTestTask.java:125) ~[org.junit.platform.engine_1.6.0.v20200203-2009.jar:1.6.0]
	at org.junit.platform.engine.support.hierarchical.Node.around(Node.java:135) ~[org.junit.platform.engine_1.6.0.v20200203-2009.jar:1.6.0]
	at org.junit.platform.engine.support.hierarchical.NodeTestTask.lambda$executeRecursively$8(NodeTestTask.java:123) ~[org.junit.platform.engine_1.6.0.v20200203-2009.jar:1.6.0]
	at org.junit.platform.engine.support.hierarchical.ThrowableCollector.execute(ThrowableCollector.java:73) ~[org.junit.platform.engine_1.6.0.v20200203-2009.jar:1.6.0]
	at org.junit.platform.engine.support.hierarchical.NodeTestTask.executeRecursively(NodeTestTask.java:122) ~[org.junit.platform.engine_1.6.0.v20200203-2009.jar:1.6.0]
	at org.junit.platform.engine.support.hierarchical.NodeTestTask.execute(NodeTestTask.java:80) ~[org.junit.platform.engine_1.6.0.v20200203-2009.jar:1.6.0]
	at java.util.ArrayList.forEach(Unknown Source) ~[?:1.8.0_251]
	at org.junit.platform.engine.support.hierarchical.SameThreadHierarchicalTestExecutorService.invokeAll(SameThreadHierarchicalTestExecutorService.java:38) ~[org.junit.platform.engine_1.6.0.v20200203-2009.jar:1.6.0]
	at org.junit.platform.engine.support.hierarchical.NodeTestTask.lambda$executeRecursively$5(NodeTestTask.java:139) ~[org.junit.platform.engine_1.6.0.v20200203-2009.jar:1.6.0]
	at org.junit.platform.engine.support.hierarchical.ThrowableCollector.execute(ThrowableCollector.java:73) ~[org.junit.platform.engine_1.6.0.v20200203-2009.jar:1.6.0]
	at org.junit.platform.engine.support.hierarchical.NodeTestTask.lambda$executeRecursively$7(NodeTestTask.java:125) ~[org.junit.platform.engine_1.6.0.v20200203-2009.jar:1.6.0]
	at org.junit.platform.engine.support.hierarchical.Node.around(Node.java:135) ~[org.junit.platform.engine_1.6.0.v20200203-2009.jar:1.6.0]
	at org.junit.platform.engine.support.hierarchical.NodeTestTask.lambda$executeRecursively$8(NodeTestTask.java:123) ~[org.junit.platform.engine_1.6.0.v20200203-2009.jar:1.6.0]
	at org.junit.platform.engine.support.hierarchical.ThrowableCollector.execute(ThrowableCollector.java:73) ~[org.junit.platform.engine_1.6.0.v20200203-2009.jar:1.6.0]
	at org.junit.platform.engine.support.hierarchical.NodeTestTask.executeRecursively(NodeTestTask.java:122) ~[org.junit.platform.engine_1.6.0.v20200203-2009.jar:1.6.0]
	at org.junit.platform.engine.support.hierarchical.NodeTestTask.execute(NodeTestTask.java:80) ~[org.junit.platform.engine_1.6.0.v20200203-2009.jar:1.6.0]
	at org.junit.platform.engine.support.hierarchical.SameThreadHierarchicalTestExecutorService.submit(SameThreadHierarchicalTestExecutorService.java:32) ~[org.junit.platform.engine_1.6.0.v20200203-2009.jar:1.6.0]
	at org.junit.platform.engine.support.hierarchical.HierarchicalTestExecutor.execute(HierarchicalTestExecutor.java:57) ~[org.junit.platform.engine_1.6.0.v20200203-2009.jar:1.6.0]
	at org.junit.platform.engine.support.hierarchical.HierarchicalTestEngine.execute(HierarchicalTestEngine.java:51) ~[org.junit.platform.engine_1.6.0.v20200203-2009.jar:1.6.0]
	at org.junit.platform.launcher.core.DefaultLauncher.execute(DefaultLauncher.java:248) ~[org.junit.platform.launcher_1.6.0.v20200203-2009.jar:1.6.0]
	at org.junit.platform.launcher.core.DefaultLauncher.lambda$execute$5(DefaultLauncher.java:211) ~[org.junit.platform.launcher_1.6.0.v20200203-2009.jar:1.6.0]
	at org.junit.platform.launcher.core.DefaultLauncher.withInterceptedStreams(DefaultLauncher.java:226) [org.junit.platform.launcher_1.6.0.v20200203-2009.jar:1.6.0]
	at org.junit.platform.launcher.core.DefaultLauncher.execute(DefaultLauncher.java:199) [org.junit.platform.launcher_1.6.0.v20200203-2009.jar:1.6.0]
	at org.junit.platform.launcher.core.DefaultLauncher.execute(DefaultLauncher.java:141) [org.junit.platform.launcher_1.6.0.v20200203-2009.jar:1.6.0]
	at org.eclipse.jdt.internal.junit5.runner.JUnit5TestReference.run(JUnit5TestReference.java:98) [.cp/:?]
	at org.eclipse.jdt.internal.junit.runner.TestExecution.run(TestExecution.java:41) [.cp/:?]
	at org.eclipse.jdt.internal.junit.runner.RemoteTestRunner.runTests(RemoteTestRunner.java:542) [.cp/:?]
	at org.eclipse.jdt.internal.junit.runner.RemoteTestRunner.runTests(RemoteTestRunner.java:770) [.cp/:?]
	at org.eclipse.jdt.internal.junit.runner.RemoteTestRunner.run(RemoteTestRunner.java:464) [.cp/:?]
	at org.eclipse.jdt.internal.junit.runner.RemoteTestRunner.main(RemoteTestRunner.java:210) [.cp/:?]
2020-07-01 00:10:23.558 [main] ERROR com.ebay.url.processor.service.UrlProcessorService - Error 
com.ebay.url.processor.service.file.FileProcessorException: java.nio.file.NoSuchFileException: inputData
	at com.ebay.url.processor.service.file.FileProcessor.processFilesFromInputDirectory(FileProcessor.java:67) ~[classes/:?]
	at com.ebay.url.processor.service.UrlProcessorService.processFilesFromDirectory(UrlProcessorService.java:69) ~[classes/:?]
	at com.ebay.url.processor.Application.main(Application.java:42) ~[classes/:?]
	at com.ebay.url.processor.ApplicationTest.mainTestWithSingleArgs(ApplicationTest.java:18) ~[test-classes/:?]
	at sun.reflect.NativeMethodAccessorImpl.invoke0(Native Method) ~[?:1.8.0_251]
	at sun.reflect.NativeMethodAccessorImpl.invoke(Unknown Source) ~[?:1.8.0_251]
	at sun.reflect.DelegatingMethodAccessorImpl.invoke(Unknown Source) ~[?:1.8.0_251]
	at java.lang.reflect.Method.invoke(Unknown Source) ~[?:1.8.0_251]
	at org.junit.platform.commons.util.ReflectionUtils.invokeMethod(ReflectionUtils.java:686) ~[org.junit.platform.commons_1.6.0.v20200203-2009.jar:1.6.0]
	at org.junit.jupiter.engine.execution.MethodInvocation.proceed(MethodInvocation.java:60) ~[org.junit.jupiter.engine_5.6.0.v20200203-2009.jar:5.6.0]
	at org.junit.jupiter.engine.execution.InvocationInterceptorChain$ValidatingInvocation.proceed(InvocationInterceptorChain.java:131) ~[org.junit.jupiter.engine_5.6.0.v20200203-2009.jar:5.6.0]
	at org.junit.jupiter.engine.extension.TimeoutExtension.intercept(TimeoutExtension.java:149) ~[org.junit.jupiter.engine_5.6.0.v20200203-2009.jar:5.6.0]
	at org.junit.jupiter.engine.extension.TimeoutExtension.interceptTestableMethod(TimeoutExtension.java:140) ~[org.junit.jupiter.engine_5.6.0.v20200203-2009.jar:5.6.0]
	at org.junit.jupiter.engine.extension.TimeoutExtension.interceptTestMethod(TimeoutExtension.java:84) ~[org.junit.jupiter.engine_5.6.0.v20200203-2009.jar:5.6.0]
	at org.junit.jupiter.engine.execution.ExecutableInvoker$ReflectiveInterceptorCall.lambda$ofVoidMethod$0(ExecutableInvoker.java:115) ~[org.junit.jupiter.engine_5.6.0.v20200203-2009.jar:5.6.0]
	at org.junit.jupiter.engine.execution.ExecutableInvoker.lambda$invoke$0(ExecutableInvoker.java:105) ~[org.junit.jupiter.engine_5.6.0.v20200203-2009.jar:5.6.0]
	at org.junit.jupiter.engine.execution.InvocationInterceptorChain$InterceptedInvocation.proceed(InvocationInterceptorChain.java:106) ~[org.junit.jupiter.engine_5.6.0.v20200203-2009.jar:5.6.0]
	at org.junit.jupiter.engine.execution.InvocationInterceptorChain.proceed(InvocationInterceptorChain.java:64) ~[org.junit.jupiter.engine_5.6.0.v20200203-2009.jar:5.6.0]
	at org.junit.jupiter.engine.execution.InvocationInterceptorChain.chainAndInvoke(InvocationInterceptorChain.java:45) ~[org.junit.jupiter.engine_5.6.0.v20200203-2009.jar:5.6.0]
	at org.junit.jupiter.engine.execution.InvocationInterceptorChain.invoke(InvocationInterceptorChain.java:37) ~[org.junit.jupiter.engine_5.6.0.v20200203-2009.jar:5.6.0]
	at org.junit.jupiter.engine.execution.ExecutableInvoker.invoke(ExecutableInvoker.java:104) ~[org.junit.jupiter.engine_5.6.0.v20200203-2009.jar:5.6.0]
	at org.junit.jupiter.engine.execution.ExecutableInvoker.invoke(ExecutableInvoker.java:98) ~[org.junit.jupiter.engine_5.6.0.v20200203-2009.jar:5.6.0]
	at org.junit.jupiter.engine.descriptor.TestMethodTestDescriptor.lambda$invokeTestMethod$6(TestMethodTestDescriptor.java:205) ~[org.junit.jupiter.engine_5.6.0.v20200203-2009.jar:5.6.0]
	at org.junit.platform.engine.support.hierarchical.ThrowableCollector.execute(ThrowableCollector.java:73) ~[org.junit.platform.engine_1.6.0.v20200203-2009.jar:1.6.0]
	at org.junit.jupiter.engine.descriptor.TestMethodTestDescriptor.invokeTestMethod(TestMethodTestDescriptor.java:201) ~[org.junit.jupiter.engine_5.6.0.v20200203-2009.jar:5.6.0]
	at org.junit.jupiter.engine.descriptor.TestMethodTestDescriptor.execute(TestMethodTestDescriptor.java:137) ~[org.junit.jupiter.engine_5.6.0.v20200203-2009.jar:5.6.0]
	at org.junit.jupiter.engine.descriptor.TestMethodTestDescriptor.execute(TestMethodTestDescriptor.java:71) ~[org.junit.jupiter.engine_5.6.0.v20200203-2009.jar:5.6.0]
	at org.junit.platform.engine.support.hierarchical.NodeTestTask.lambda$executeRecursively$5(NodeTestTask.java:135) ~[org.junit.platform.engine_1.6.0.v20200203-2009.jar:1.6.0]
	at org.junit.platform.engine.support.hierarchical.ThrowableCollector.execute(ThrowableCollector.java:73) ~[org.junit.platform.engine_1.6.0.v20200203-2009.jar:1.6.0]
	at org.junit.platform.engine.support.hierarchical.NodeTestTask.lambda$executeRecursively$7(NodeTestTask.java:125) ~[org.junit.platform.engine_1.6.0.v20200203-2009.jar:1.6.0]
	at org.junit.platform.engine.support.hierarchical.Node.around(Node.java:135) ~[org.junit.platform.engine_1.6.0.v20200203-2009.jar:1.6.0]
	at org.junit.platform.engine.support.hierarchical.NodeTestTask.lambda$executeRecursively$8(NodeTestTask.java:123) ~[org.junit.platform.engine_1.6.0.v20200203-2009.jar:1.6.0]
	at org.junit.platform.engine.support.hierarchical.ThrowableCollector.execute(ThrowableCollector.java:73) ~[org.junit.platform.engine_1.6.0.v20200203-2009.jar:1.6.0]
	at org.junit.platform.engine.support.hierarchical.NodeTestTask.executeRecursively(NodeTestTask.java:122) ~[org.junit.platform.engine_1.6.0.v20200203-2009.jar:1.6.0]
	at org.junit.platform.engine.support.hierarchical.NodeTestTask.execute(NodeTestTask.java:80) ~[org.junit.platform.engine_1.6.0.v20200203-2009.jar:1.6.0]
	at java.util.ArrayList.forEach(Unknown Source) ~[?:1.8.0_251]
	at org.junit.platform.engine.support.hierarchical.SameThreadHierarchicalTestExecutorService.invokeAll(SameThreadHierarchicalTestExecutorService.java:38) ~[org.junit.platform.engine_1.6.0.v20200203-2009.jar:1.6.0]
	at org.junit.platform.engine.support.hierarchical.NodeTestTask.lambda$executeRecursively$5(NodeTestTask.java:139) ~[org.junit.platform.engine_1.6.0.v20200203-2009.jar:1.6.0]
	at org.junit.platform.engine.support.hierarchical.ThrowableCollector.execute(ThrowableCollector.java:73) ~[org.junit.platform.engine_1.6.0.v20200203-2009.jar:1.6.0]
	at org.junit.platform.engine.support.hierarchical.NodeTestTask.lambda$executeRecursively$7(NodeTestTask.java:125) ~[org.junit.platform.engine_1.6.0.v20200203-2009.jar:1.6.0]
	at org.junit.platform.engine.support.hierarchical.Node.around(Node.java:135) ~[org.junit.platform.engine_1.6.0.v20200203-2009.jar:1.6.0]
	at org.junit.platform.engine.support.hierarchical.NodeTestTask.lambda$executeRecursively$8(NodeTestTask.java:123) ~[org.junit.platform.engine_1.6.0.v20200203-2009.jar:1.6.0]
	at org.junit.platform.engine.support.hierarchical.ThrowableCollector.execute(ThrowableCollector.java:73) ~[org.junit.platform.engine_1.6.0.v20200203-2009.jar:1.6.0]
	at org.junit.platform.engine.support.hierarchical.NodeTestTask.executeRecursively(NodeTestTask.java:122) ~[org.junit.platform.engine_1.6.0.v20200203-2009.jar:1.6.0]
	at org.junit.platform.engine.support.hierarchical.NodeTestTask.execute(NodeTestTask.java:80) ~[org.junit.platform.engine_1.6.0.v20200203-2009.jar:1.6.0]
	at java.util.ArrayList.forEach(Unknown Source) ~[?:1.8.0_251]
	at org.junit.platform.engine.support.hierarchical.SameThreadHierarchicalTestExecutorService.invokeAll(SameThreadHierarchicalTestExecutorService.java:38) ~[org.junit.platform.engine_1.6.0.v20200203-2009.jar:1.6.0]
	at org.junit.platform.engine.support.hierarchical.NodeTestTask.lambda$executeRecursively$5(NodeTestTask.java:139) ~[org.junit.platform.engine_1.6.0.v20200203-2009.jar:1.6.0]
	at org.junit.platform.engine.support.hierarchical.ThrowableCollector.execute(ThrowableCollector.java:73) ~[org.junit.platform.engine_1.6.0.v20200203-2009.jar:1.6.0]
	at org.junit.platform.engine.support.hierarchical.NodeTestTask.lambda$executeRecursively$7(NodeTestTask.java:125) ~[org.junit.platform.engine_1.6.0.v20200203-2009.jar:1.6.0]
	at org.junit.platform.engine.support.hierarchical.Node.around(Node.java:135) ~[org.junit.platform.engine_1.6.0.v20200203-2009.jar:1.6.0]
	at org.junit.platform.engine.support.hierarchical.NodeTestTask.lambda$executeRecursively$8(NodeTestTask.java:123) ~[org.junit.platform.engine_1.6.0.v20200203-2009.jar:1.6.0]
	at org.junit.platform.engine.support.hierarchical.ThrowableCollector.execute(ThrowableCollector.java:73) ~[org.junit.platform.engine_1.6.0.v20200203-2009.jar:1.6.0]
	at org.junit.platform.engine.support.hierarchical.NodeTestTask.executeRecursively(NodeTestTask.java:122) ~[org.junit.platform.engine_1.6.0.v20200203-2009.jar:1.6.0]
	at org.junit.platform.engine.support.hierarchical.NodeTestTask.execute(NodeTestTask.java:80) ~[org.junit.platform.engine_1.6.0.v20200203-2009.jar:1.6.0]
	at org.junit.platform.engine.support.hierarchical.SameThreadHierarchicalTestExecutorService.submit(SameThreadHierarchicalTestExecutorService.java:32) ~[org.junit.platform.engine_1.6.0.v20200203-2009.jar:1.6.0]
	at org.junit.platform.engine.support.hierarchical.HierarchicalTestExecutor.execute(HierarchicalTestExecutor.java:57) ~[org.junit.platform.engine_1.6.0.v20200203-2009.jar:1.6.0]
	at org.junit.platform.engine.support.hierarchical.HierarchicalTestEngine.execute(HierarchicalTestEngine.java:51) ~[org.junit.platform.engine_1.6.0.v20200203-2009.jar:1.6.0]
	at org.junit.platform.launcher.core.DefaultLauncher.execute(DefaultLauncher.java:248) ~[org.junit.platform.launcher_1.6.0.v20200203-2009.jar:1.6.0]
	at org.junit.platform.launcher.core.DefaultLauncher.lambda$execute$5(DefaultLauncher.java:211) ~[org.junit.platform.launcher_1.6.0.v20200203-2009.jar:1.6.0]
	at org.junit.platform.launcher.core.DefaultLauncher.withInterceptedStreams(DefaultLauncher.java:226) [org.junit.platform.launcher_1.6.0.v20200203-2009.jar:1.6.0]
	at org.junit.platform.launcher.core.DefaultLauncher.execute(DefaultLauncher.java:199) [org.junit.platform.launcher_1.6.0.v20200203-2009.jar:1.6.0]
	at org.junit.platform.launcher.core.DefaultLauncher.execute(DefaultLauncher.java:141) [org.junit.platform.launcher_1.6.0.v20200203-2009.jar:1.6.0]
	at org.eclipse.jdt.internal.junit5.runner.JUnit5TestReference.run(JUnit5TestReference.java:98) [.cp/:?]
	at org.eclipse.jdt.internal.junit.runner.TestExecution.run(TestExecution.java:41) [.cp/:?]
	at org.eclipse.jdt.internal.junit.runner.RemoteTestRunner.runTests(RemoteTestRunner.java:542) [.cp/:?]
	at org.eclipse.jdt.internal.junit.runner.RemoteTestRunner.runTests(RemoteTestRunner.java:770) [.cp/:?]
	at org.eclipse.jdt.internal.junit.runner.RemoteTestRunner.run(RemoteTestRunner.java:464) [.cp/:?]
	at org.eclipse.jdt.internal.junit.runner.RemoteTestRunner.main(RemoteTestRunner.java:210) [.cp/:?]
Caused by: java.nio.file.NoSuchFileException: inputData
	at sun.nio.fs.WindowsException.translateToIOException(Unknown Source) ~[?:1.8.0_251]
	at sun.nio.fs.WindowsException.rethrowAsIOException(Unknown Source) ~[?:1.8.0_251]
	at sun.nio.fs.WindowsException.rethrowAsIOException(Unknown Source) ~[?:1.8.0_251]
	at sun.nio.fs.WindowsFileAttributeViews$Basic.readAttributes(Unknown Source) ~[?:1.8.0_251]
	at sun.nio.fs.WindowsFileAttributeViews$Basic.readAttributes(Unknown Source) ~[?:1.8.0_251]
	at sun.nio.fs.WindowsFileSystemProvider.readAttributes(Unknown Source) ~[?:1.8.0_251]
	at java.nio.file.Files.readAttributes(Unknown Source) ~[?:1.8.0_251]
	at java.nio.file.FileTreeWalker.getAttributes(Unknown Source) ~[?:1.8.0_251]
	at java.nio.file.FileTreeWalker.visit(Unknown Source) ~[?:1.8.0_251]
	at java.nio.file.FileTreeWalker.walk(Unknown Source) ~[?:1.8.0_251]
	at java.nio.file.FileTreeIterator.<init>(Unknown Source) ~[?:1.8.0_251]
	at java.nio.file.Files.walk(Unknown Source) ~[?:1.8.0_251]
	at java.nio.file.Files.walk(Unknown Source) ~[?:1.8.0_251]
	at com.ebay.url.processor.service.file.FileProcessor.getFileMetadata(FileProcessor.java:107) ~[classes/:?]
	at com.ebay.url.processor.service.file.FileProcessor.processFilesFromInputDirectory(FileProcessor.java:51) ~[classes/:?]
	... 68 more
2020-07-01 00:10:23.560 [main] ERROR com.ebay.url.processor.Application - Please pass in the input directory as an argument!
2020-07-01 00:10:23.560 [main] ERROR com.ebay.url.processor.Application - Please pass in the input directory as an argument!
2020-07-01 00:10:23.562 [main] ERROR com.ebay.url.processor.Application - Please pass in the input directory as an argument!
2020-07-01 00:10:23.564 [main] ERROR com.ebay.url.processor.service.file.FileProcessor - Exception in processing files : 
java.nio.file.NoSuchFileException: inputData
	at sun.nio.fs.WindowsException.translateToIOException(Unknown Source) ~[?:1.8.0_251]
	at sun.nio.fs.WindowsException.rethrowAsIOException(Unknown Source) ~[?:1.8.0_251]
	at sun.nio.fs.WindowsException.rethrowAsIOException(Unknown Source) ~[?:1.8.0_251]
	at sun.nio.fs.WindowsFileAttributeViews$Basic.readAttributes(Unknown Source) ~[?:1.8.0_251]
	at sun.nio.fs.WindowsFileAttributeViews$Basic.readAttributes(Unknown Source) ~[?:1.8.0_251]
	at sun.nio.fs.WindowsFileSystemProvider.readAttributes(Unknown Source) ~[?:1.8.0_251]
	at java.nio.file.Files.readAttributes(Unknown Source) ~[?:1.8.0_251]
	at java.nio.file.FileTreeWalker.getAttributes(Unknown Source) ~[?:1.8.0_251]
	at java.nio.file.FileTreeWalker.visit(Unknown Source) ~[?:1.8.0_251]
	at java.nio.file.FileTreeWalker.walk(Unknown Source) ~[?:1.8.0_251]
	at java.nio.file.FileTreeIterator.<init>(Unknown Source) ~[?:1.8.0_251]
	at java.nio.file.Files.walk(Unknown Source) ~[?:1.8.0_251]
	at java.nio.file.Files.walk(Unknown Source) ~[?:1.8.0_251]
	at com.ebay.url.processor.service.file.FileProcessor.getFileMetadata(FileProcessor.java:107) ~[classes/:?]
	at com.ebay.url.processor.service.file.FileProcessor.processFilesFromInputDirectory(FileProcessor.java:51) ~[classes/:?]
	at com.ebay.url.processor.service.file.FileProcessorTest.processFilesFromInputDirectoryNonExistnatDirectoryTest(FileProcessorTest.java:30) ~[test-classes/:?]
	at sun.reflect.NativeMethodAccessorImpl.invoke0(Native Method) ~[?:1.8.0_251]
	at sun.reflect.NativeMethodAccessorImpl.invoke(Unknown Source) ~[?:1.8.0_251]
	at sun.reflect.DelegatingMethodAccessorImpl.invoke(Unknown Source) ~[?:1.8.0_251]
	at java.lang.reflect.Method.invoke(Unknown Source) ~[?:1.8.0_251]
	at org.junit.platform.commons.util.ReflectionUtils.invokeMethod(ReflectionUtils.java:686) ~[org.junit.platform.commons_1.6.0.v20200203-2009.jar:1.6.0]
	at org.junit.jupiter.engine.execution.MethodInvocation.proceed(MethodInvocation.java:60) ~[org.junit.jupiter.engine_5.6.0.v20200203-2009.jar:5.6.0]
	at org.junit.jupiter.engine.execution.InvocationInterceptorChain$ValidatingInvocation.proceed(InvocationInterceptorChain.java:131) ~[org.junit.jupiter.engine_5.6.0.v20200203-2009.jar:5.6.0]
	at org.junit.jupiter.engine.extension.TimeoutExtension.intercept(TimeoutExtension.java:149) ~[org.junit.jupiter.engine_5.6.0.v20200203-2009.jar:5.6.0]
	at org.junit.jupiter.engine.extension.TimeoutExtension.interceptTestableMethod(TimeoutExtension.java:140) ~[org.junit.jupiter.engine_5.6.0.v20200203-2009.jar:5.6.0]
	at org.junit.jupiter.engine.extension.TimeoutExtension.interceptTestMethod(TimeoutExtension.java:84) ~[org.junit.jupiter.engine_5.6.0.v20200203-2009.jar:5.6.0]
	at org.junit.jupiter.engine.execution.ExecutableInvoker$ReflectiveInterceptorCall.lambda$ofVoidMethod$0(ExecutableInvoker.java:115) ~[org.junit.jupiter.engine_5.6.0.v20200203-2009.jar:5.6.0]
	at org.junit.jupiter.engine.execution.ExecutableInvoker.lambda$invoke$0(ExecutableInvoker.java:105) ~[org.junit.jupiter.engine_5.6.0.v20200203-2009.jar:5.6.0]
	at org.junit.jupiter.engine.execution.InvocationInterceptorChain$InterceptedInvocation.proceed(InvocationInterceptorChain.java:106) ~[org.junit.jupiter.engine_5.6.0.v20200203-2009.jar:5.6.0]
	at org.junit.jupiter.engine.execution.InvocationInterceptorChain.proceed(InvocationInterceptorChain.java:64) ~[org.junit.jupiter.engine_5.6.0.v20200203-2009.jar:5.6.0]
	at org.junit.jupiter.engine.execution.InvocationInterceptorChain.chainAndInvoke(InvocationInterceptorChain.java:45) ~[org.junit.jupiter.engine_5.6.0.v20200203-2009.jar:5.6.0]
	at org.junit.jupiter.engine.execution.InvocationInterceptorChain.invoke(InvocationInterceptorChain.java:37) ~[org.junit.jupiter.engine_5.6.0.v20200203-2009.jar:5.6.0]
	at org.junit.jupiter.engine.execution.ExecutableInvoker.invoke(ExecutableInvoker.java:104) ~[org.junit.jupiter.engine_5.6.0.v20200203-2009.jar:5.6.0]
	at org.junit.jupiter.engine.execution.ExecutableInvoker.invoke(ExecutableInvoker.java:98) ~[org.junit.jupiter.engine_5.6.0.v20200203-2009.jar:5.6.0]
	at org.junit.jupiter.engine.descriptor.TestMethodTestDescriptor.lambda$invokeTestMethod$6(TestMethodTestDescriptor.java:205) ~[org.junit.jupiter.engine_5.6.0.v20200203-2009.jar:5.6.0]
	at org.junit.platform.engine.support.hierarchical.ThrowableCollector.execute(ThrowableCollector.java:73) ~[org.junit.platform.engine_1.6.0.v20200203-2009.jar:1.6.0]
	at org.junit.jupiter.engine.descriptor.TestMethodTestDescriptor.invokeTestMethod(TestMethodTestDescriptor.java:201) ~[org.junit.jupiter.engine_5.6.0.v20200203-2009.jar:5.6.0]
	at org.junit.jupiter.engine.descriptor.TestMethodTestDescriptor.execute(TestMethodTestDescriptor.java:137) ~[org.junit.jupiter.engine_5.6.0.v20200203-2009.jar:5.6.0]
	at org.junit.jupiter.engine.descriptor.TestMethodTestDescriptor.execute(TestMethodTestDescriptor.java:71) ~[org.junit.jupiter.engine_5.6.0.v20200203-2009.jar:5.6.0]
	at org.junit.platform.engine.support.hierarchical.NodeTestTask.lambda$executeRecursively$5(NodeTestTask.java:135) ~[org.junit.platform.engine_1.6.0.v20200203-2009.jar:1.6.0]
	at org.junit.platform.engine.support.hierarchical.ThrowableCollector.execute(ThrowableCollector.java:73) ~[org.junit.platform.engine_1.6.0.v20200203-2009.jar:1.6.0]
	at org.junit.platform.engine.support.hierarchical.NodeTestTask.lambda$executeRecursively$7(NodeTestTask.java:125) ~[org.junit.platform.engine_1.6.0.v20200203-2009.jar:1.6.0]
	at org.junit.platform.engine.support.hierarchical.Node.around(Node.java:135) ~[org.junit.platform.engine_1.6.0.v20200203-2009.jar:1.6.0]
	at org.junit.platform.engine.support.hierarchical.NodeTestTask.lambda$executeRecursively$8(NodeTestTask.java:123) ~[org.junit.platform.engine_1.6.0.v20200203-2009.jar:1.6.0]
	at org.junit.platform.engine.support.hierarchical.ThrowableCollector.execute(ThrowableCollector.java:73) ~[org.junit.platform.engine_1.6.0.v20200203-2009.jar:1.6.0]
	at org.junit.platform.engine.support.hierarchical.NodeTestTask.executeRecursively(NodeTestTask.java:122) ~[org.junit.platform.engine_1.6.0.v20200203-2009.jar:1.6.0]
	at org.junit.platform.engine.support.hierarchical.NodeTestTask.execute(NodeTestTask.java:80) ~[org.junit.platform.engine_1.6.0.v20200203-2009.jar:1.6.0]
	at java.util.ArrayList.forEach(Unknown Source) ~[?:1.8.0_251]
	at org.junit.platform.engine.support.hierarchical.SameThreadHierarchicalTestExecutorService.invokeAll(SameThreadHierarchicalTestExecutorService.java:38) ~[org.junit.platform.engine_1.6.0.v20200203-2009.jar:1.6.0]
	at org.junit.platform.engine.support.hierarchical.NodeTestTask.lambda$executeRecursively$5(NodeTestTask.java:139) ~[org.junit.platform.engine_1.6.0.v20200203-2009.jar:1.6.0]
	at org.junit.platform.engine.support.hierarchical.ThrowableCollector.execute(ThrowableCollector.java:73) ~[org.junit.platform.engine_1.6.0.v20200203-2009.jar:1.6.0]
	at org.junit.platform.engine.support.hierarchical.NodeTestTask.lambda$executeRecursively$7(NodeTestTask.java:125) ~[org.junit.platform.engine_1.6.0.v20200203-2009.jar:1.6.0]
	at org.junit.platform.engine.support.hierarchical.Node.around(Node.java:135) ~[org.junit.platform.engine_1.6.0.v20200203-2009.jar:1.6.0]
	at org.junit.platform.engine.support.hierarchical.NodeTestTask.lambda$executeRecursively$8(NodeTestTask.java:123) ~[org.junit.platform.engine_1.6.0.v20200203-2009.jar:1.6.0]
	at org.junit.platform.engine.support.hierarchical.ThrowableCollector.execute(ThrowableCollector.java:73) ~[org.junit.platform.engine_1.6.0.v20200203-2009.jar:1.6.0]
	at org.junit.platform.engine.support.hierarchical.NodeTestTask.executeRecursively(NodeTestTask.java:122) ~[org.junit.platform.engine_1.6.0.v20200203-2009.jar:1.6.0]
	at org.junit.platform.engine.support.hierarchical.NodeTestTask.execute(NodeTestTask.java:80) ~[org.junit.platform.engine_1.6.0.v20200203-2009.jar:1.6.0]
	at java.util.ArrayList.forEach(Unknown Source) ~[?:1.8.0_251]
	at org.junit.platform.engine.support.hierarchical.SameThreadHierarchicalTestExecutorService.invokeAll(SameThreadHierarchicalTestExecutorService.java:38) ~[org.junit.platform.engine_1.6.0.v20200203-2009.jar:1.6.0]
	at org.junit.platform.engine.support.hierarchical.NodeTestTask.lambda$executeRecursively$5(NodeTestTask.java:139) ~[org.junit.platform.engine_1.6.0.v20200203-2009.jar:1.6.0]
	at org.junit.platform.engine.support.hierarchical.ThrowableCollector.execute(ThrowableCollector.java:73) ~[org.junit.platform.engine_1.6.0.v20200203-2009.jar:1.6.0]
	at org.junit.platform.engine.support.hierarchical.NodeTestTask.lambda$executeRecursively$7(NodeTestTask.java:125) ~[org.junit.platform.engine_1.6.0.v20200203-2009.jar:1.6.0]
	at org.junit.platform.engine.support.hierarchical.Node.around(Node.java:135) ~[org.junit.platform.engine_1.6.0.v20200203-2009.jar:1.6.0]
	at org.junit.platform.engine.support.hierarchical.NodeTestTask.lambda$executeRecursively$8(NodeTestTask.java:123) ~[org.junit.platform.engine_1.6.0.v20200203-2009.jar:1.6.0]
	at org.junit.platform.engine.support.hierarchical.ThrowableCollector.execute(ThrowableCollector.java:73) ~[org.junit.platform.engine_1.6.0.v20200203-2009.jar:1.6.0]
	at org.junit.platform.engine.support.hierarchical.NodeTestTask.executeRecursively(NodeTestTask.java:122) ~[org.junit.platform.engine_1.6.0.v20200203-2009.jar:1.6.0]
	at org.junit.platform.engine.support.hierarchical.NodeTestTask.execute(NodeTestTask.java:80) ~[org.junit.platform.engine_1.6.0.v20200203-2009.jar:1.6.0]
	at org.junit.platform.engine.support.hierarchical.SameThreadHierarchicalTestExecutorService.submit(SameThreadHierarchicalTestExecutorService.java:32) ~[org.junit.platform.engine_1.6.0.v20200203-2009.jar:1.6.0]
	at org.junit.platform.engine.support.hierarchical.HierarchicalTestExecutor.execute(HierarchicalTestExecutor.java:57) ~[org.junit.platform.engine_1.6.0.v20200203-2009.jar:1.6.0]
	at org.junit.platform.engine.support.hierarchical.HierarchicalTestEngine.execute(HierarchicalTestEngine.java:51) ~[org.junit.platform.engine_1.6.0.v20200203-2009.jar:1.6.0]
	at org.junit.platform.launcher.core.DefaultLauncher.execute(DefaultLauncher.java:248) ~[org.junit.platform.launcher_1.6.0.v20200203-2009.jar:1.6.0]
	at org.junit.platform.launcher.core.DefaultLauncher.lambda$execute$5(DefaultLauncher.java:211) ~[org.junit.platform.launcher_1.6.0.v20200203-2009.jar:1.6.0]
	at org.junit.platform.launcher.core.DefaultLauncher.withInterceptedStreams(DefaultLauncher.java:226) [org.junit.platform.launcher_1.6.0.v20200203-2009.jar:1.6.0]
	at org.junit.platform.launcher.core.DefaultLauncher.execute(DefaultLauncher.java:199) [org.junit.platform.launcher_1.6.0.v20200203-2009.jar:1.6.0]
	at org.junit.platform.launcher.core.DefaultLauncher.execute(DefaultLauncher.java:141) [org.junit.platform.launcher_1.6.0.v20200203-2009.jar:1.6.0]
	at org.eclipse.jdt.internal.junit5.runner.JUnit5TestReference.run(JUnit5TestReference.java:98) [.cp/:?]
	at org.eclipse.jdt.internal.junit.runner.TestExecution.run(TestExecution.java:41) [.cp/:?]
	at org.eclipse.jdt.internal.junit.runner.RemoteTestRunner.runTests(RemoteTestRunner.java:542) [.cp/:?]
	at org.eclipse.jdt.internal.junit.runner.RemoteTestRunner.runTests(RemoteTestRunner.java:770) [.cp/:?]
	at org.eclipse.jdt.internal.junit.runner.RemoteTestRunner.run(RemoteTestRunner.java:464) [.cp/:?]
	at org.eclipse.jdt.internal.junit.runner.RemoteTestRunner.main(RemoteTestRunner.java:210) [.cp/:?]
2020-07-01 00:10:23.595 [main] ERROR com.ebay.url.processor.service.file.GZipFileReader - Exception in reading a file! 
java.io.FileNotFoundException: test (The system cannot find the file specified)
	at java.io.RandomAccessFile.open0(Native Method) ~[?:1.8.0_251]
	at java.io.RandomAccessFile.open(Unknown Source) ~[?:1.8.0_251]
	at java.io.RandomAccessFile.<init>(Unknown Source) ~[?:1.8.0_251]
	at java.io.RandomAccessFile.<init>(Unknown Source) ~[?:1.8.0_251]
	at com.ebay.url.processor.service.file.GZipFileReader.generateUrlsFromFile(GZipFileReader.java:76) ~[classes/:?]
	at com.ebay.url.processor.service.file.GZipFileReaderTest.generateUrlsFromFileWithExceptionTest(GZipFileReaderTest.java:50) ~[test-classes/:?]
	at sun.reflect.NativeMethodAccessorImpl.invoke0(Native Method) ~[?:1.8.0_251]
	at sun.reflect.NativeMethodAccessorImpl.invoke(Unknown Source) ~[?:1.8.0_251]
	at sun.reflect.DelegatingMethodAccessorImpl.invoke(Unknown Source) ~[?:1.8.0_251]
	at java.lang.reflect.Method.invoke(Unknown Source) ~[?:1.8.0_251]
	at org.junit.platform.commons.util.ReflectionUtils.invokeMethod(ReflectionUtils.java:686) ~[org.junit.platform.commons_1.6.0.v20200203-2009.jar:1.6.0]
	at org.junit.jupiter.engine.execution.MethodInvocation.proceed(MethodInvocation.java:60) ~[org.junit.jupiter.engine_5.6.0.v20200203-2009.jar:5.6.0]
	at org.junit.jupiter.engine.execution.InvocationInterceptorChain$ValidatingInvocation.proceed(InvocationInterceptorChain.java:131) ~[org.junit.jupiter.engine_5.6.0.v20200203-2009.jar:5.6.0]
	at org.junit.jupiter.engine.extension.TimeoutExtension.intercept(TimeoutExtension.java:149) ~[org.junit.jupiter.engine_5.6.0.v20200203-2009.jar:5.6.0]
	at org.junit.jupiter.engine.extension.TimeoutExtension.interceptTestableMethod(TimeoutExtension.java:140) ~[org.junit.jupiter.engine_5.6.0.v20200203-2009.jar:5.6.0]
	at org.junit.jupiter.engine.extension.TimeoutExtension.interceptTestMethod(TimeoutExtension.java:84) ~[org.junit.jupiter.engine_5.6.0.v20200203-2009.jar:5.6.0]
	at org.junit.jupiter.engine.execution.ExecutableInvoker$ReflectiveInterceptorCall.lambda$ofVoidMethod$0(ExecutableInvoker.java:115) ~[org.junit.jupiter.engine_5.6.0.v20200203-2009.jar:5.6.0]
	at org.junit.jupiter.engine.execution.ExecutableInvoker.lambda$invoke$0(ExecutableInvoker.java:105) ~[org.junit.jupiter.engine_5.6.0.v20200203-2009.jar:5.6.0]
	at org.junit.jupiter.engine.execution.InvocationInterceptorChain$InterceptedInvocation.proceed(InvocationInterceptorChain.java:106) ~[org.junit.jupiter.engine_5.6.0.v20200203-2009.jar:5.6.0]
	at org.junit.jupiter.engine.execution.InvocationInterceptorChain.proceed(InvocationInterceptorChain.java:64) ~[org.junit.jupiter.engine_5.6.0.v20200203-2009.jar:5.6.0]
	at org.junit.jupiter.engine.execution.InvocationInterceptorChain.chainAndInvoke(InvocationInterceptorChain.java:45) ~[org.junit.jupiter.engine_5.6.0.v20200203-2009.jar:5.6.0]
	at org.junit.jupiter.engine.execution.InvocationInterceptorChain.invoke(InvocationInterceptorChain.java:37) ~[org.junit.jupiter.engine_5.6.0.v20200203-2009.jar:5.6.0]
	at org.junit.jupiter.engine.execution.ExecutableInvoker.invoke(ExecutableInvoker.java:104) ~[org.junit.jupiter.engine_5.6.0.v20200203-2009.jar:5.6.0]
	at org.junit.jupiter.engine.execution.ExecutableInvoker.invoke(ExecutableInvoker.java:98) ~[org.junit.jupiter.engine_5.6.0.v20200203-2009.jar:5.6.0]
	at org.junit.jupiter.engine.descriptor.TestMethodTestDescriptor.lambda$invokeTestMethod$6(TestMethodTestDescriptor.java:205) ~[org.junit.jupiter.engine_5.6.0.v20200203-2009.jar:5.6.0]
	at org.junit.platform.engine.support.hierarchical.ThrowableCollector.execute(ThrowableCollector.java:73) ~[org.junit.platform.engine_1.6.0.v20200203-2009.jar:1.6.0]
	at org.junit.jupiter.engine.descriptor.TestMethodTestDescriptor.invokeTestMethod(TestMethodTestDescriptor.java:201) ~[org.junit.jupiter.engine_5.6.0.v20200203-2009.jar:5.6.0]
	at org.junit.jupiter.engine.descriptor.TestMethodTestDescriptor.execute(TestMethodTestDescriptor.java:137) ~[org.junit.jupiter.engine_5.6.0.v20200203-2009.jar:5.6.0]
	at org.junit.jupiter.engine.descriptor.TestMethodTestDescriptor.execute(TestMethodTestDescriptor.java:71) ~[org.junit.jupiter.engine_5.6.0.v20200203-2009.jar:5.6.0]
	at org.junit.platform.engine.support.hierarchical.NodeTestTask.lambda$executeRecursively$5(NodeTestTask.java:135) ~[org.junit.platform.engine_1.6.0.v20200203-2009.jar:1.6.0]
	at org.junit.platform.engine.support.hierarchical.ThrowableCollector.execute(ThrowableCollector.java:73) ~[org.junit.platform.engine_1.6.0.v20200203-2009.jar:1.6.0]
	at org.junit.platform.engine.support.hierarchical.NodeTestTask.lambda$executeRecursively$7(NodeTestTask.java:125) ~[org.junit.platform.engine_1.6.0.v20200203-2009.jar:1.6.0]
	at org.junit.platform.engine.support.hierarchical.Node.around(Node.java:135) ~[org.junit.platform.engine_1.6.0.v20200203-2009.jar:1.6.0]
	at org.junit.platform.engine.support.hierarchical.NodeTestTask.lambda$executeRecursively$8(NodeTestTask.java:123) ~[org.junit.platform.engine_1.6.0.v20200203-2009.jar:1.6.0]
	at org.junit.platform.engine.support.hierarchical.ThrowableCollector.execute(ThrowableCollector.java:73) ~[org.junit.platform.engine_1.6.0.v20200203-2009.jar:1.6.0]
	at org.junit.platform.engine.support.hierarchical.NodeTestTask.executeRecursively(NodeTestTask.java:122) ~[org.junit.platform.engine_1.6.0.v20200203-2009.jar:1.6.0]
	at org.junit.platform.engine.support.hierarchical.NodeTestTask.execute(NodeTestTask.java:80) ~[org.junit.platform.engine_1.6.0.v20200203-2009.jar:1.6.0]
	at java.util.ArrayList.forEach(Unknown Source) ~[?:1.8.0_251]
	at org.junit.platform.engine.support.hierarchical.SameThreadHierarchicalTestExecutorService.invokeAll(SameThreadHierarchicalTestExecutorService.java:38) ~[org.junit.platform.engine_1.6.0.v20200203-2009.jar:1.6.0]
	at org.junit.platform.engine.support.hierarchical.NodeTestTask.lambda$executeRecursively$5(NodeTestTask.java:139) ~[org.junit.platform.engine_1.6.0.v20200203-2009.jar:1.6.0]
	at org.junit.platform.engine.support.hierarchical.ThrowableCollector.execute(ThrowableCollector.java:73) ~[org.junit.platform.engine_1.6.0.v20200203-2009.jar:1.6.0]
	at org.junit.platform.engine.support.hierarchical.NodeTestTask.lambda$executeRecursively$7(NodeTestTask.java:125) ~[org.junit.platform.engine_1.6.0.v20200203-2009.jar:1.6.0]
	at org.junit.platform.engine.support.hierarchical.Node.around(Node.java:135) ~[org.junit.platform.engine_1.6.0.v20200203-2009.jar:1.6.0]
	at org.junit.platform.engine.support.hierarchical.NodeTestTask.lambda$executeRecursively$8(NodeTestTask.java:123) ~[org.junit.platform.engine_1.6.0.v20200203-2009.jar:1.6.0]
	at org.junit.platform.engine.support.hierarchical.ThrowableCollector.execute(ThrowableCollector.java:73) ~[org.junit.platform.engine_1.6.0.v20200203-2009.jar:1.6.0]
	at org.junit.platform.engine.support.hierarchical.NodeTestTask.executeRecursively(NodeTestTask.java:122) ~[org.junit.platform.engine_1.6.0.v20200203-2009.jar:1.6.0]
	at org.junit.platform.engine.support.hierarchical.NodeTestTask.execute(NodeTestTask.java:80) ~[org.junit.platform.engine_1.6.0.v20200203-2009.jar:1.6.0]
	at java.util.ArrayList.forEach(Unknown Source) ~[?:1.8.0_251]
	at org.junit.platform.engine.support.hierarchical.SameThreadHierarchicalTestExecutorService.invokeAll(SameThreadHierarchicalTestExecutorService.java:38) ~[org.junit.platform.engine_1.6.0.v20200203-2009.jar:1.6.0]
	at org.junit.platform.engine.support.hierarchical.NodeTestTask.lambda$executeRecursively$5(NodeTestTask.java:139) ~[org.junit.platform.engine_1.6.0.v20200203-2009.jar:1.6.0]
	at org.junit.platform.engine.support.hierarchical.ThrowableCollector.execute(ThrowableCollector.java:73) ~[org.junit.platform.engine_1.6.0.v20200203-2009.jar:1.6.0]
	at org.junit.platform.engine.support.hierarchical.NodeTestTask.lambda$executeRecursively$7(NodeTestTask.java:125) ~[org.junit.platform.engine_1.6.0.v20200203-2009.jar:1.6.0]
	at org.junit.platform.engine.support.hierarchical.Node.around(Node.java:135) ~[org.junit.platform.engine_1.6.0.v20200203-2009.jar:1.6.0]
	at org.junit.platform.engine.support.hierarchical.NodeTestTask.lambda$executeRecursively$8(NodeTestTask.java:123) ~[org.junit.platform.engine_1.6.0.v20200203-2009.jar:1.6.0]
	at org.junit.platform.engine.support.hierarchical.ThrowableCollector.execute(ThrowableCollector.java:73) ~[org.junit.platform.engine_1.6.0.v20200203-2009.jar:1.6.0]
	at org.junit.platform.engine.support.hierarchical.NodeTestTask.executeRecursively(NodeTestTask.java:122) ~[org.junit.platform.engine_1.6.0.v20200203-2009.jar:1.6.0]
	at org.junit.platform.engine.support.hierarchical.NodeTestTask.execute(NodeTestTask.java:80) ~[org.junit.platform.engine_1.6.0.v20200203-2009.jar:1.6.0]
	at org.junit.platform.engine.support.hierarchical.SameThreadHierarchicalTestExecutorService.submit(SameThreadHierarchicalTestExecutorService.java:32) ~[org.junit.platform.engine_1.6.0.v20200203-2009.jar:1.6.0]
	at org.junit.platform.engine.support.hierarchical.HierarchicalTestExecutor.execute(HierarchicalTestExecutor.java:57) ~[org.junit.platform.engine_1.6.0.v20200203-2009.jar:1.6.0]
	at org.junit.platform.engine.support.hierarchical.HierarchicalTestEngine.execute(HierarchicalTestEngine.java:51) ~[org.junit.platform.engine_1.6.0.v20200203-2009.jar:1.6.0]
	at org.junit.platform.launcher.core.DefaultLauncher.execute(DefaultLauncher.java:248) ~[org.junit.platform.launcher_1.6.0.v20200203-2009.jar:1.6.0]
	at org.junit.platform.launcher.core.DefaultLauncher.lambda$execute$5(DefaultLauncher.java:211) ~[org.junit.platform.launcher_1.6.0.v20200203-2009.jar:1.6.0]
	at org.junit.platform.launcher.core.DefaultLauncher.withInterceptedStreams(DefaultLauncher.java:226) [org.junit.platform.launcher_1.6.0.v20200203-2009.jar:1.6.0]
	at org.junit.platform.launcher.core.DefaultLauncher.execute(DefaultLauncher.java:199) [org.junit.platform.launcher_1.6.0.v20200203-2009.jar:1.6.0]
	at org.junit.platform.launcher.core.DefaultLauncher.execute(DefaultLauncher.java:141) [org.junit.platform.launcher_1.6.0.v20200203-2009.jar:1.6.0]
	at org.eclipse.jdt.internal.junit5.runner.JUnit5TestReference.run(JUnit5TestReference.java:98) [.cp/:?]
	at org.eclipse.jdt.internal.junit.runner.TestExecution.run(TestExecution.java:41) [.cp/:?]
	at org.eclipse.jdt.internal.junit.runner.RemoteTestRunner.runTests(RemoteTestRunner.java:542) [.cp/:?]
	at org.eclipse.jdt.internal.junit.runner.RemoteTestRunner.runTests(RemoteTestRunner.java:770) [.cp/:?]
	at org.eclipse.jdt.internal.junit.runner.RemoteTestRunner.run(RemoteTestRunner.java:464) [.cp/:?]
	at org.eclipse.jdt.internal.junit.runner.RemoteTestRunner.main(RemoteTestRunner.java:210) [.cp/:?]
2020-07-01 00:10:23.929 [main] INFO  com.ebay.url.processor.operation.HttpOperationExecutor - Total Urls processed: 10000 Unuccessful Urls: 1  Successful: 0
2020-07-01 00:10:23.934 [main] ERROR com.ebay.url.processor.operation.HttpOperationExecutor - Exception in executing the GET request 
java.io.IOException: Connection Error
	at com.ebay.url.processor.operation.HttpOperationExecutor.executeHttpGetRequest(HttpOperationExecutor.java:59) ~[classes/:?]
	at com.ebay.url.processor.operation.HttpOperationExecutorTest.executeHttpGetRequestExceptionTest(HttpOperationExecutorTest.java:95) ~[test-classes/:?]
	at sun.reflect.NativeMethodAccessorImpl.invoke0(Native Method) ~[?:1.8.0_251]
	at sun.reflect.NativeMethodAccessorImpl.invoke(Unknown Source) ~[?:1.8.0_251]
	at sun.reflect.DelegatingMethodAccessorImpl.invoke(Unknown Source) ~[?:1.8.0_251]
	at java.lang.reflect.Method.invoke(Unknown Source) ~[?:1.8.0_251]
	at org.junit.platform.commons.util.ReflectionUtils.invokeMethod(ReflectionUtils.java:686) ~[org.junit.platform.commons_1.6.0.v20200203-2009.jar:1.6.0]
	at org.junit.jupiter.engine.execution.MethodInvocation.proceed(MethodInvocation.java:60) ~[org.junit.jupiter.engine_5.6.0.v20200203-2009.jar:5.6.0]
	at org.junit.jupiter.engine.execution.InvocationInterceptorChain$ValidatingInvocation.proceed(InvocationInterceptorChain.java:131) ~[org.junit.jupiter.engine_5.6.0.v20200203-2009.jar:5.6.0]
	at org.junit.jupiter.engine.extension.TimeoutExtension.intercept(TimeoutExtension.java:149) ~[org.junit.jupiter.engine_5.6.0.v20200203-2009.jar:5.6.0]
	at org.junit.jupiter.engine.extension.TimeoutExtension.interceptTestableMethod(TimeoutExtension.java:140) ~[org.junit.jupiter.engine_5.6.0.v20200203-2009.jar:5.6.0]
	at org.junit.jupiter.engine.extension.TimeoutExtension.interceptTestMethod(TimeoutExtension.java:84) ~[org.junit.jupiter.engine_5.6.0.v20200203-2009.jar:5.6.0]
	at org.junit.jupiter.engine.execution.ExecutableInvoker$ReflectiveInterceptorCall.lambda$ofVoidMethod$0(ExecutableInvoker.java:115) ~[org.junit.jupiter.engine_5.6.0.v20200203-2009.jar:5.6.0]
	at org.junit.jupiter.engine.execution.ExecutableInvoker.lambda$invoke$0(ExecutableInvoker.java:105) ~[org.junit.jupiter.engine_5.6.0.v20200203-2009.jar:5.6.0]
	at org.junit.jupiter.engine.execution.InvocationInterceptorChain$InterceptedInvocation.proceed(InvocationInterceptorChain.java:106) ~[org.junit.jupiter.engine_5.6.0.v20200203-2009.jar:5.6.0]
	at org.junit.jupiter.engine.execution.InvocationInterceptorChain.proceed(InvocationInterceptorChain.java:64) ~[org.junit.jupiter.engine_5.6.0.v20200203-2009.jar:5.6.0]
	at org.junit.jupiter.engine.execution.InvocationInterceptorChain.chainAndInvoke(InvocationInterceptorChain.java:45) ~[org.junit.jupiter.engine_5.6.0.v20200203-2009.jar:5.6.0]
	at org.junit.jupiter.engine.execution.InvocationInterceptorChain.invoke(InvocationInterceptorChain.java:37) ~[org.junit.jupiter.engine_5.6.0.v20200203-2009.jar:5.6.0]
	at org.junit.jupiter.engine.execution.ExecutableInvoker.invoke(ExecutableInvoker.java:104) ~[org.junit.jupiter.engine_5.6.0.v20200203-2009.jar:5.6.0]
	at org.junit.jupiter.engine.execution.ExecutableInvoker.invoke(ExecutableInvoker.java:98) ~[org.junit.jupiter.engine_5.6.0.v20200203-2009.jar:5.6.0]
	at org.junit.jupiter.engine.descriptor.TestMethodTestDescriptor.lambda$invokeTestMethod$6(TestMethodTestDescriptor.java:205) ~[org.junit.jupiter.engine_5.6.0.v20200203-2009.jar:5.6.0]
	at org.junit.platform.engine.support.hierarchical.ThrowableCollector.execute(ThrowableCollector.java:73) ~[org.junit.platform.engine_1.6.0.v20200203-2009.jar:1.6.0]
	at org.junit.jupiter.engine.descriptor.TestMethodTestDescriptor.invokeTestMethod(TestMethodTestDescriptor.java:201) ~[org.junit.jupiter.engine_5.6.0.v20200203-2009.jar:5.6.0]
	at org.junit.jupiter.engine.descriptor.TestMethodTestDescriptor.execute(TestMethodTestDescriptor.java:137) ~[org.junit.jupiter.engine_5.6.0.v20200203-2009.jar:5.6.0]
	at org.junit.jupiter.engine.descriptor.TestMethodTestDescriptor.execute(TestMethodTestDescriptor.java:71) ~[org.junit.jupiter.engine_5.6.0.v20200203-2009.jar:5.6.0]
	at org.junit.platform.engine.support.hierarchical.NodeTestTask.lambda$executeRecursively$5(NodeTestTask.java:135) ~[org.junit.platform.engine_1.6.0.v20200203-2009.jar:1.6.0]
	at org.junit.platform.engine.support.hierarchical.ThrowableCollector.execute(ThrowableCollector.java:73) ~[org.junit.platform.engine_1.6.0.v20200203-2009.jar:1.6.0]
	at org.junit.platform.engine.support.hierarchical.NodeTestTask.lambda$executeRecursively$7(NodeTestTask.java:125) ~[org.junit.platform.engine_1.6.0.v20200203-2009.jar:1.6.0]
	at org.junit.platform.engine.support.hierarchical.Node.around(Node.java:135) ~[org.junit.platform.engine_1.6.0.v20200203-2009.jar:1.6.0]
	at org.junit.platform.engine.support.hierarchical.NodeTestTask.lambda$executeRecursively$8(NodeTestTask.java:123) ~[org.junit.platform.engine_1.6.0.v20200203-2009.jar:1.6.0]
	at org.junit.platform.engine.support.hierarchical.ThrowableCollector.execute(ThrowableCollector.java:73) ~[org.junit.platform.engine_1.6.0.v20200203-2009.jar:1.6.0]
	at org.junit.platform.engine.support.hierarchical.NodeTestTask.executeRecursively(NodeTestTask.java:122) ~[org.junit.platform.engine_1.6.0.v20200203-2009.jar:1.6.0]
	at org.junit.platform.engine.support.hierarchical.NodeTestTask.execute(NodeTestTask.java:80) ~[org.junit.platform.engine_1.6.0.v20200203-2009.jar:1.6.0]
	at java.util.ArrayList.forEach(Unknown Source) ~[?:1.8.0_251]
	at org.junit.platform.engine.support.hierarchical.SameThreadHierarchicalTestExecutorService.invokeAll(SameThreadHierarchicalTestExecutorService.java:38) ~[org.junit.platform.engine_1.6.0.v20200203-2009.jar:1.6.0]
	at org.junit.platform.engine.support.hierarchical.NodeTestTask.lambda$executeRecursively$5(NodeTestTask.java:139) ~[org.junit.platform.engine_1.6.0.v20200203-2009.jar:1.6.0]
	at org.junit.platform.engine.support.hierarchical.ThrowableCollector.execute(ThrowableCollector.java:73) ~[org.junit.platform.engine_1.6.0.v20200203-2009.jar:1.6.0]
	at org.junit.platform.engine.support.hierarchical.NodeTestTask.lambda$executeRecursively$7(NodeTestTask.java:125) ~[org.junit.platform.engine_1.6.0.v20200203-2009.jar:1.6.0]
	at org.junit.platform.engine.support.hierarchical.Node.around(Node.java:135) ~[org.junit.platform.engine_1.6.0.v20200203-2009.jar:1.6.0]
	at org.junit.platform.engine.support.hierarchical.NodeTestTask.lambda$executeRecursively$8(NodeTestTask.java:123) ~[org.junit.platform.engine_1.6.0.v20200203-2009.jar:1.6.0]
	at org.junit.platform.engine.support.hierarchical.ThrowableCollector.execute(ThrowableCollector.java:73) ~[org.junit.platform.engine_1.6.0.v20200203-2009.jar:1.6.0]
	at org.junit.platform.engine.support.hierarchical.NodeTestTask.executeRecursively(NodeTestTask.java:122) ~[org.junit.platform.engine_1.6.0.v20200203-2009.jar:1.6.0]
	at org.junit.platform.engine.support.hierarchical.NodeTestTask.execute(NodeTestTask.java:80) ~[org.junit.platform.engine_1.6.0.v20200203-2009.jar:1.6.0]
	at java.util.ArrayList.forEach(Unknown Source) ~[?:1.8.0_251]
	at org.junit.platform.engine.support.hierarchical.SameThreadHierarchicalTestExecutorService.invokeAll(SameThreadHierarchicalTestExecutorService.java:38) ~[org.junit.platform.engine_1.6.0.v20200203-2009.jar:1.6.0]
	at org.junit.platform.engine.support.hierarchical.NodeTestTask.lambda$executeRecursively$5(NodeTestTask.java:139) ~[org.junit.platform.engine_1.6.0.v20200203-2009.jar:1.6.0]
	at org.junit.platform.engine.support.hierarchical.ThrowableCollector.execute(ThrowableCollector.java:73) ~[org.junit.platform.engine_1.6.0.v20200203-2009.jar:1.6.0]
	at org.junit.platform.engine.support.hierarchical.NodeTestTask.lambda$executeRecursively$7(NodeTestTask.java:125) ~[org.junit.platform.engine_1.6.0.v20200203-2009.jar:1.6.0]
	at org.junit.platform.engine.support.hierarchical.Node.around(Node.java:135) ~[org.junit.platform.engine_1.6.0.v20200203-2009.jar:1.6.0]
	at org.junit.platform.engine.support.hierarchical.NodeTestTask.lambda$executeRecursively$8(NodeTestTask.java:123) ~[org.junit.platform.engine_1.6.0.v20200203-2009.jar:1.6.0]
	at org.junit.platform.engine.support.hierarchical.ThrowableCollector.execute(ThrowableCollector.java:73) ~[org.junit.platform.engine_1.6.0.v20200203-2009.jar:1.6.0]
	at org.junit.platform.engine.support.hierarchical.NodeTestTask.executeRecursively(NodeTestTask.java:122) ~[org.junit.platform.engine_1.6.0.v20200203-2009.jar:1.6.0]
	at org.junit.platform.engine.support.hierarchical.NodeTestTask.execute(NodeTestTask.java:80) ~[org.junit.platform.engine_1.6.0.v20200203-2009.jar:1.6.0]
	at org.junit.platform.engine.support.hierarchical.SameThreadHierarchicalTestExecutorService.submit(SameThreadHierarchicalTestExecutorService.java:32) ~[org.junit.platform.engine_1.6.0.v20200203-2009.jar:1.6.0]
	at org.junit.platform.engine.support.hierarchical.HierarchicalTestExecutor.execute(HierarchicalTestExecutor.java:57) ~[org.junit.platform.engine_1.6.0.v20200203-2009.jar:1.6.0]
	at org.junit.platform.engine.support.hierarchical.HierarchicalTestEngine.execute(HierarchicalTestEngine.java:51) ~[org.junit.platform.engine_1.6.0.v20200203-2009.jar:1.6.0]
	at org.junit.platform.launcher.core.DefaultLauncher.execute(DefaultLauncher.java:248) ~[org.junit.platform.launcher_1.6.0.v20200203-2009.jar:1.6.0]
	at org.junit.platform.launcher.core.DefaultLauncher.lambda$execute$5(DefaultLauncher.java:211) ~[org.junit.platform.launcher_1.6.0.v20200203-2009.jar:1.6.0]
	at org.junit.platform.launcher.core.DefaultLauncher.withInterceptedStreams(DefaultLauncher.java:226) [org.junit.platform.launcher_1.6.0.v20200203-2009.jar:1.6.0]
	at org.junit.platform.launcher.core.DefaultLauncher.execute(DefaultLauncher.java:199) [org.junit.platform.launcher_1.6.0.v20200203-2009.jar:1.6.0]
	at org.junit.platform.launcher.core.DefaultLauncher.execute(DefaultLauncher.java:141) [org.junit.platform.launcher_1.6.0.v20200203-2009.jar:1.6.0]
	at org.eclipse.jdt.internal.junit5.runner.JUnit5TestReference.run(JUnit5TestReference.java:98) [.cp/:?]
	at org.eclipse.jdt.internal.junit.runner.TestExecution.run(TestExecution.java:41) [.cp/:?]
	at org.eclipse.jdt.internal.junit.runner.RemoteTestRunner.runTests(RemoteTestRunner.java:542) [.cp/:?]
	at org.eclipse.jdt.internal.junit.runner.RemoteTestRunner.runTests(RemoteTestRunner.java:770) [.cp/:?]
	at org.eclipse.jdt.internal.junit.runner.RemoteTestRunner.run(RemoteTestRunner.java:464) [.cp/:?]
	at org.eclipse.jdt.internal.junit.runner.RemoteTestRunner.main(RemoteTestRunner.java:210) [.cp/:?]
2020-07-01 00:10:24.133 [main] WARN  com.ebay.url.processor.service.url.HttpUrlService - Null url received!Terminating operation!
2020-07-01 00:10:24.134 [main] INFO  com.ebay.url.processor.service.url.HttpUrlService - No more Urls to process for current thread.
2020-07-01 00:10:24.135 [main] INFO  com.ebay.url.processor.service.url.HttpUrlService - No more Urls to process for current thread.
